# JRE version: Java(TM) SE Runtime Environment (17.0.7+8) (build 17.0.7+8-LTS-224)
# Java VM: Java HotSpot(TM) 64-Bit Server VM (17.0.7+8-LTS-224, mixed mode, sharing, tiered, compressed oops, compressed class ptrs, g1 gc, windows-amd64)
GC Precious Log:
 CPUs: 8 total, 8 available
 Memory: 16183M
 Large Page Support: Disabled
 NUMA Support: Disabled
 Compressed Oops: Enabled (Zero based)
 Heap Region Size: 2M
 Heap Min Capacity: 8M
 Heap Initial Capacity: 254M
 Heap Max Capacity: 4046M
 Pre-touch: Disabled
 Parallel Workers: 8
 Concurrent Workers: 2
 Concurrent Refinement Workers: 8
 Periodic GC: Disabled
Heap:
 garbage-first heap   total 235520K, used 140508K [0x0000000703200000, 0x0000000800000000)
  region size 2048K, 25 young (51200K), 2 survivors (4096K)
 Metaspace       used 28349K, committed 28608K, reserved 1081344K
  class space    used 3025K, committed 3136K, reserved 1048576K
GC Heap History (20 events):
Event: 8.002 GC heap before
{Heap before GC invocations=2 (full 0):
 garbage-first heap   total 260096K, used 159273K [0x0000000703200000, 0x0000000800000000)
  region size 2048K, 76 young (155648K), 1 survivors (2048K)
 Metaspace       used 14046K, committed 14336K, reserved 1064960K
  class space    used 1529K, committed 1664K, reserved 1048576K
}
Event: 8.034 GC heap after
{Heap after GC invocations=3 (full 0):
 garbage-first heap   total 260096K, used 22262K [0x0000000703200000, 0x0000000800000000)
  region size 2048K, 10 young (20480K), 10 survivors (20480K)
 Metaspace       used 14046K, committed 14336K, reserved 1064960K
  class space    used 1529K, committed 1664K, reserved 1048576K
}
Event: 11.861 GC heap before
{Heap before GC invocations=3 (full 0):
 garbage-first heap   total 260096K, used 106230K [0x0000000703200000, 0x0000000800000000)
  region size 2048K, 52 young (106496K), 10 survivors (20480K)
 Metaspace       used 21215K, committed 21504K, reserved 1073152K
  class space    used 2348K, committed 2496K, reserved 1048576K
}
Event: 11.891 GC heap after
{Heap after GC invocations=4 (full 0):
 garbage-first heap   total 260096K, used 26810K [0x0000000703200000, 0x0000000800000000)
  region size 2048K, 3 young (6144K), 3 survivors (6144K)
 Metaspace       used 21215K, committed 21504K, reserved 1073152K
  class space    used 2348K, committed 2496K, reserved 1048576K
}
Event: 14.872 GC heap before
{Heap before GC invocations=5 (full 0):
 garbage-first heap   total 102400K, used 84154K [0x0000000703200000, 0x0000000800000000)
  region size 2048K, 30 young (61440K), 3 survivors (6144K)
 Metaspace       used 23815K, committed 24128K, reserved 1073152K
  class space    used 2613K, committed 2752K, reserved 1048576K
}
Event: 14.905 GC heap after
{Heap after GC invocations=6 (full 0):
 garbage-first heap   total 112640K, used 49055K [0x0000000703200000, 0x0000000800000000)
  region size 2048K, 4 young (8192K), 4 survivors (8192K)
 Metaspace       used 23815K, committed 24128K, reserved 1073152K
  class space    used 2613K, committed 2752K, reserved 1048576K
}
Event: 14.962 GC heap before
{Heap before GC invocations=6 (full 0):
 garbage-first heap   total 112640K, used 51103K [0x0000000703200000, 0x0000000800000000)
  region size 2048K, 5 young (10240K), 4 survivors (8192K)
 Metaspace       used 23818K, committed 24128K, reserved 1073152K
  class space    used 2613K, committed 2752K, reserved 1048576K
}
Event: 14.980 GC heap after
{Heap after GC invocations=7 (full 0):
 garbage-first heap   total 112640K, used 51528K [0x0000000703200000, 0x0000000800000000)
  region size 2048K, 1 young (2048K), 1 survivors (2048K)
 Metaspace       used 23818K, committed 24128K, reserved 1073152K
  class space    used 2613K, committed 2752K, reserved 1048576K
}
Event: 15.480 GC heap before
{Heap before GC invocations=7 (full 0):
 garbage-first heap   total 112640K, used 80200K [0x0000000703200000, 0x0000000800000000)
  region size 2048K, 16 young (32768K), 1 survivors (2048K)
 Metaspace       used 23856K, committed 24128K, reserved 1073152K
  class space    used 2614K, committed 2752K, reserved 1048576K
}
Event: 15.498 GC heap after
{Heap after GC invocations=8 (full 0):
 garbage-first heap   total 112640K, used 63383K [0x0000000703200000, 0x0000000800000000)
  region size 2048K, 2 young (4096K), 2 survivors (4096K)
 Metaspace       used 23856K, committed 24128K, reserved 1073152K
  class space    used 2614K, committed 2752K, reserved 1048576K
}
Event: 16.194 GC heap before
{Heap before GC invocations=9 (full 0):
 garbage-first heap   total 126976K, used 85911K [0x0000000703200000, 0x0000000800000000)
  region size 2048K, 12 young (24576K), 2 survivors (4096K)
 Metaspace       used 24174K, committed 24448K, reserved 1073152K
  class space    used 2642K, committed 2752K, reserved 1048576K
}
Event: 16.216 GC heap after
{Heap after GC invocations=10 (full 0):
 garbage-first heap   total 126976K, used 71184K [0x0000000703200000, 0x0000000800000000)
  region size 2048K, 2 young (4096K), 2 survivors (4096K)
 Metaspace       used 24174K, committed 24448K, reserved 1073152K
  class space    used 2642K, committed 2752K, reserved 1048576K
}
Event: 17.015 GC heap before
{Heap before GC invocations=10 (full 0):
 garbage-first heap   total 126976K, used 91664K [0x0000000703200000, 0x0000000800000000)
  region size 2048K, 13 young (26624K), 2 survivors (4096K)
 Metaspace       used 24763K, committed 25088K, reserved 1073152K
  class space    used 2684K, committed 2816K, reserved 1048576K
}
Event: 17.040 GC heap after
{Heap after GC invocations=11 (full 0):
 garbage-first heap   total 235520K, used 76266K [0x0000000703200000, 0x0000000800000000)
  region size 2048K, 2 young (4096K), 2 survivors (4096K)
 Metaspace       used 24763K, committed 25088K, reserved 1073152K
  class space    used 2684K, committed 2816K, reserved 1048576K
}
Event: 20.847 GC heap before
{Heap before GC invocations=12 (full 0):
 garbage-first heap   total 235520K, used 162282K [0x0000000703200000, 0x0000000800000000)
  region size 2048K, 41 young (83968K), 2 survivors (4096K)
 Metaspace       used 25137K, committed 25408K, reserved 1073152K
  class space    used 2705K, committed 2816K, reserved 1048576K
}
Event: 20.908 GC heap after
{Heap after GC invocations=13 (full 0):
 garbage-first heap   total 235520K, used 91733K [0x0000000703200000, 0x0000000800000000)
  region size 2048K, 6 young (12288K), 6 survivors (12288K)
 Metaspace       used 25137K, committed 25408K, reserved 1073152K
  class space    used 2705K, committed 2816K, reserved 1048576K
}
Event: 24.930 GC heap before
{Heap before GC invocations=13 (full 0):
 garbage-first heap   total 235520K, used 165461K [0x0000000703200000, 0x0000000800000000)
  region size 2048K, 42 young (86016K), 6 survivors (12288K)
 Metaspace       used 27707K, committed 27968K, reserved 1081344K
  class space    used 2954K, committed 3072K, reserved 1048576K
}
Event: 24.958 GC heap after
{Heap after GC invocations=14 (full 0):
 garbage-first heap   total 235520K, used 94990K [0x0000000703200000, 0x0000000800000000)
  region size 2048K, 2 young (4096K), 2 survivors (4096K)
 Metaspace       used 27707K, committed 27968K, reserved 1081344K
  class space    used 2954K, committed 3072K, reserved 1048576K
}
Event: 25.818 GC heap before
{Heap before GC invocations=14 (full 0):
 garbage-first heap   total 235520K, used 170766K [0x0000000703200000, 0x0000000800000000)
  region size 2048K, 39 young (79872K), 2 survivors (4096K)
 Metaspace       used 28167K, committed 28480K, reserved 1081344K
  class space    used 3019K, committed 3136K, reserved 1048576K
}
Event: 25.828 GC heap after
{Heap after GC invocations=15 (full 0):
 garbage-first heap   total 235520K, used 95452K [0x0000000703200000, 0x0000000800000000)
  region size 2048K, 2 young (4096K), 2 survivors (4096K)
 Metaspace       used 28167K, committed 28480K, reserved 1081344K
  class space    used 3019K, committed 3136K, reserved 1048576K
}

